<?xml version="1.0" encoding="UTF-8"?>
<!-- Generated by org.testng.reporters.JUnitReportReporter -->
<testsuite hostname="studio31" failures="0" tests="3" name="com.comcast.crm.contacttest.VitigercontactmoduleTest" time="22.495" errors="0" timestamp="2024-10-29T13:07:48 IST" skipped="0">
  <testcase classname="com.comcast.crm.contacttest.VitigercontactmoduleTest" name="VitigercontactmodulTest" time="10.282"/>
  <testcase classname="com.comcast.crm.contacttest.VitigercontactmoduleTest" name="CreateContactwithsupportDateTest" time="5.924"/>
  <testcase classname="com.comcast.crm.contacttest.VitigercontactmoduleTest" name="createcontact" time="6.289"/>
</testsuite> <!-- com.comcast.crm.contacttest.VitigercontactmoduleTest -->
