<?xml version="1.0" encoding="UTF-8"?>
<!-- Generated by org.testng.reporters.JUnitReportReporter -->
<testsuite hostname="studio31" failures="0" tests="3" name="com.comcast.crm.orgtest.VtigerPracticeTest" time="25.235" errors="0" timestamp="2024-10-29T14:28:38 IST" skipped="0">
  <testcase classname="com.comcast.crm.orgtest.VtigerPracticeTest" name="OrganizationTest" time="9.605"/>
  <testcase classname="com.comcast.crm.orgtest.VtigerPracticeTest" name="CreateOgwithIndustryTest" time="9.395"/>
  <testcase classname="com.comcast.crm.orgtest.VtigerPracticeTest" name="CreateOrgwithphonenumTest" time="6.235"/>
</testsuite> <!-- com.comcast.crm.orgtest.VtigerPracticeTest -->
